2023-01-30 12:59:25,887:INFO:Created Fake dataset with 20000 images
2023-01-30 12:59:25,942:INFO:Training...
2023-01-30 12:59:25,943:INFO:
Starting epoch 1/100, LR = [4.000000000000002e-06]
2023-01-30 13:01:35,492:INFO:############################################ New lowest_val_loss reached #########################
2023-01-30 13:01:35,704:INFO:
Starting epoch 2/100, LR = [4.281378056590748e-06]
2023-01-30 13:02:41,226:INFO:############################################ New lowest_val_loss reached #########################
2023-01-30 13:02:41,348:INFO:
Starting epoch 3/100, LR = [5.122213325915847e-06]
2023-01-30 13:03:45,047:INFO:############################################ New lowest_val_loss reached #########################
2023-01-30 13:03:45,186:INFO:
Starting epoch 4/100, LR = [6.512647783225479e-06]
2023-01-30 13:04:50,136:INFO:############################################ New lowest_val_loss reached #########################
2023-01-30 13:04:50,276:INFO:
Starting epoch 5/100, LR = [8.436379855794062e-06]
2023-01-30 13:05:56,482:INFO:############################################ New lowest_val_loss reached #########################
2023-01-30 13:05:56,625:INFO:
Starting epoch 6/100, LR = [1.0870855543955717e-05]
2023-01-30 13:07:03,204:INFO:############################################ New lowest_val_loss reached #########################
2023-01-30 13:07:03,325:INFO:
Starting epoch 7/100, LR = [1.37875328461291e-05]
2023-01-30 13:08:08,567:INFO:############################################ New lowest_val_loss reached #########################
2023-01-30 13:08:08,691:INFO:
Starting epoch 8/100, LR = [1.7152216387689723e-05]
2023-01-30 13:09:15,233:INFO:############################################ New lowest_val_loss reached #########################
2023-01-30 13:09:15,371:INFO:
Starting epoch 9/100, LR = [2.092545833047227e-05]
2023-01-30 13:10:22,101:INFO:############################################ New lowest_val_loss reached #########################
2023-01-30 13:10:22,230:INFO:
Starting epoch 10/100, LR = [2.5063020862605643e-05]
2023-01-30 13:11:25,969:INFO:
Starting epoch 11/100, LR = [2.9516394846410078e-05]
2023-01-30 13:12:34,897:INFO:
Starting epoch 12/100, LR = [3.4233368543684105e-05]
2023-01-30 13:13:42,542:INFO:
Starting epoch 13/100, LR = [3.9158639750597394e-05]
2023-01-30 13:14:51,894:INFO:
Starting epoch 14/100, LR = [4.423446416546729e-05]
2023-01-30 13:15:57,355:INFO:############################################ New lowest_val_loss reached #########################
2023-01-30 13:15:57,480:INFO:
Starting epoch 15/100, LR = [4.9401332387899956e-05]
2023-01-30 13:17:05,785:INFO:
Starting epoch 16/100, LR = [5.4598667612100044e-05]
2023-01-30 13:18:11,245:INFO:############################################ New lowest_val_loss reached #########################
2023-01-30 13:18:11,372:INFO:
Starting epoch 17/100, LR = [5.976553583453271e-05]
2023-01-30 13:19:19,249:INFO:############################################ New lowest_val_loss reached #########################
2023-01-30 13:19:19,380:INFO:
Starting epoch 18/100, LR = [6.48413602494026e-05]
2023-01-30 13:20:23,912:INFO:
Starting epoch 19/100, LR = [6.97666314563159e-05]
2023-01-30 13:21:29,019:INFO:############################################ New lowest_val_loss reached #########################
2023-01-30 13:21:29,143:INFO:
Starting epoch 20/100, LR = [7.448360515358993e-05]
2023-01-30 13:22:36,060:INFO:
Starting epoch 21/100, LR = [7.893697913739435e-05]
2023-01-30 13:23:44,369:INFO:
Starting epoch 22/100, LR = [8.307454166952772e-05]
2023-01-30 13:24:48,321:INFO:
Starting epoch 23/100, LR = [8.684778361231027e-05]
2023-01-30 13:25:57,131:INFO:
Starting epoch 24/100, LR = [9.021246715387091e-05]
2023-01-30 13:27:00,154:INFO:############################################ New lowest_val_loss reached #########################
2023-01-30 13:27:00,294:INFO:
Starting epoch 25/100, LR = [9.312914445604428e-05]
2023-01-30 13:28:10,895:INFO:############################################ New lowest_val_loss reached #########################
2023-01-30 13:28:11,016:INFO:
Starting epoch 26/100, LR = [9.556362014420593e-05]
2023-01-30 13:29:17,090:INFO:
Starting epoch 27/100, LR = [9.748735221677451e-05]
2023-01-30 13:30:23,406:INFO:
Starting epoch 28/100, LR = [9.887778667408416e-05]
2023-01-30 13:31:26,681:INFO:############################################ New lowest_val_loss reached #########################
2023-01-30 13:31:26,836:INFO:
Starting epoch 29/100, LR = [9.971862194340926e-05]
2023-01-30 13:32:33,586:INFO:
Starting epoch 30/100, LR = [0.0001]
2023-01-30 13:33:39,488:INFO:############################################ New lowest_val_loss reached #########################
2023-01-30 13:33:39,622:INFO:
Starting epoch 31/100, LR = [9.994965352845243e-05]
2023-01-30 13:34:46,692:INFO:
Starting epoch 32/100, LR = [9.979871550490316e-05]
2023-01-30 13:36:00,466:INFO:
Starting epoch 33/100, LR = [9.954748989844439e-05]
2023-01-30 13:37:08,653:INFO:
Starting epoch 34/100, LR = [9.919648264401378e-05]
2023-01-30 13:38:13,547:INFO:
Starting epoch 35/100, LR = [9.874640062350874e-05]
2023-01-30 13:39:19,605:INFO:
Starting epoch 36/100, LR = [9.819815024222053e-05]
2023-01-30 13:40:23,258:INFO:
Starting epoch 37/100, LR = [9.755283560345442e-05]
2023-01-30 13:41:25,810:INFO:
Starting epoch 38/100, LR = [9.681175628501274e-05]
2023-01-30 13:42:31,219:INFO:
Starting epoch 39/100, LR = [9.597640472201803e-05]
2023-01-30 13:43:36,421:INFO:
Starting epoch 40/100, LR = [9.504846320134737e-05]
2023-01-30 13:44:42,049:INFO:############################################ New lowest_val_loss reached #########################
2023-01-30 13:44:42,216:INFO:
Starting epoch 41/100, LR = [9.402980047373053e-05]
2023-01-30 13:45:49,363:INFO:
Starting epoch 42/100, LR = [9.292246799033458e-05]
2023-01-30 13:46:53,346:INFO:
Starting epoch 43/100, LR = [9.172869577141439e-05]
2023-01-30 13:48:00,147:INFO:
Starting epoch 44/100, LR = [9.045088791534851e-05]
2023-01-30 13:49:05,271:INFO:
Starting epoch 45/100, LR = [8.909161775710501e-05]
2023-01-30 13:50:13,054:INFO:
Starting epoch 46/100, LR = [8.765362268588736e-05]
2023-01-30 13:51:17,273:INFO:
Starting epoch 47/100, LR = [8.613979863239681e-05]
2023-01-30 13:52:20,541:INFO:
Starting epoch 48/100, LR = [8.455319423681344e-05]
2023-01-30 13:53:25,459:INFO:
Starting epoch 49/100, LR = [8.289700470924045e-05]
2023-01-30 13:54:31,124:INFO:
Starting epoch 50/100, LR = [8.117456539497631e-05]
2023-01-30 13:55:37,990:INFO:
Starting epoch 51/100, LR = [7.938934505757321e-05]
2023-01-30 13:56:44,772:INFO:############################################ New lowest_val_loss reached #########################
2023-01-30 13:56:44,931:INFO:
Starting epoch 52/100, LR = [7.754493889320884e-05]
2023-01-30 13:57:50,158:INFO:
Starting epoch 53/100, LR = [7.564506129043983e-05]
2023-01-30 13:58:56,626:INFO:
Starting epoch 54/100, LR = [7.369353834991743e-05]
2023-01-30 14:00:02,164:INFO:
Starting epoch 55/100, LR = [7.169430017913008e-05]
2023-01-30 14:01:05,872:INFO:
Starting epoch 56/100, LR = [6.965137297768986e-05]
2023-01-30 14:02:13,842:INFO:
Starting epoch 57/100, LR = [6.756887092910233e-05]
2023-01-30 14:04:03,753:INFO:
Starting epoch 58/100, LR = [6.54509879153485e-05]
2023-01-30 14:05:10,747:INFO:
Starting epoch 59/100, LR = [6.330198907096464e-05]
2023-01-30 14:06:18,994:INFO:
Starting epoch 60/100, LR = [6.112620219362893e-05]
2023-01-30 14:07:28,278:INFO:
Starting epoch 61/100, LR = [5.892800902855288e-05]
2023-01-30 14:08:31,765:INFO:
Starting epoch 62/100, LR = [5.6711836444229614e-05]
2023-01-30 14:10:14,345:INFO:
Starting epoch 63/100, LR = [5.4482147517309895e-05]
2023-01-30 14:11:18,642:INFO:
Starting epoch 64/100, LR = [5.224343254455969e-05]
2023-01-30 14:12:35,268:INFO:
Starting epoch 65/100, LR = [5.00002e-05]
2023-01-30 14:14:49,196:INFO:
Starting epoch 66/100, LR = [4.7756967455440346e-05]
2023-01-30 14:17:11,495:INFO:
Starting epoch 67/100, LR = [4.551825248269011e-05]
2023-01-30 14:18:45,107:INFO:
Starting epoch 68/100, LR = [4.3288563555770405e-05]
2023-01-30 14:19:58,742:INFO:
Starting epoch 69/100, LR = [4.1072390971447135e-05]
2023-01-30 14:21:08,991:INFO:
Starting epoch 70/100, LR = [3.8874197806371076e-05]
2023-01-30 14:22:38,214:INFO:
Starting epoch 71/100, LR = [3.669841092903536e-05]
2023-01-30 14:23:42,925:INFO:
Starting epoch 72/100, LR = [3.454941208465151e-05]
2023-01-30 14:24:54,882:INFO:############################################ New lowest_val_loss reached #########################
2023-01-30 14:24:55,056:INFO:
Starting epoch 73/100, LR = [3.2431529070897676e-05]
2023-01-30 14:26:05,241:INFO:
Starting epoch 74/100, LR = [3.0349027022310154e-05]
2023-01-30 14:27:15,109:INFO:
Starting epoch 75/100, LR = [2.8306099820869923e-05]
2023-01-30 14:28:24,564:INFO:
Starting epoch 76/100, LR = [2.6306861650082565e-05]
2023-01-30 14:30:04,394:INFO:############################################ New lowest_val_loss reached #########################
2023-01-30 14:30:04,530:INFO:
Starting epoch 77/100, LR = [2.4355338709560182e-05]
2023-01-30 14:31:16,820:INFO:
Starting epoch 78/100, LR = [2.245546110679117e-05]
2023-01-30 14:32:27,621:INFO:
Starting epoch 79/100, LR = [2.0611054942426808e-05]
2023-01-30 14:33:47,246:INFO:
Starting epoch 80/100, LR = [1.88258346050237e-05]
2023-01-30 14:34:55,719:INFO:
Starting epoch 81/100, LR = [1.710339529075956e-05]
2023-01-30 14:36:06,650:INFO:
Starting epoch 82/100, LR = [1.5447205763186566e-05]
2023-01-30 14:37:17,949:INFO:
Starting epoch 83/100, LR = [1.3860601367603194e-05]
2023-01-30 14:38:30,685:INFO:############################################ New lowest_val_loss reached #########################
2023-01-30 14:38:30,922:INFO:
Starting epoch 84/100, LR = [1.2346777314112657e-05]
2023-01-30 14:40:35,928:INFO:
Starting epoch 85/100, LR = [1.0908782242895002e-05]
2023-01-30 14:41:46,389:INFO:
Starting epoch 86/100, LR = [9.549512084651507e-06]
2023-01-30 14:42:59,874:INFO:
Starting epoch 87/100, LR = [8.271704228585612e-06]
2023-01-30 14:44:13,707:INFO:############################################ New lowest_val_loss reached #########################
2023-01-30 14:44:13,883:INFO:
Starting epoch 88/100, LR = [7.0779320096654155e-06]
2023-01-30 14:45:19,548:INFO:
Starting epoch 89/100, LR = [5.970599526269472e-06]
2023-01-30 14:46:29,297:INFO:
Starting epoch 90/100, LR = [4.9519367986526286e-06]
2023-01-30 14:47:39,765:INFO:
Starting epoch 91/100, LR = [4.023995277981982e-06]
2023-01-30 14:48:44,013:INFO:
Starting epoch 92/100, LR = [3.188643714987268e-06]
2023-01-30 14:49:45,263:INFO:
Starting epoch 93/100, LR = [2.4475643965455825e-06]
2023-01-30 14:50:38,721:INFO:############################################ New lowest_val_loss reached #########################
2023-01-30 14:50:38,885:INFO:
Starting epoch 94/100, LR = [1.8022497577794773e-06]
2023-01-30 14:51:24,802:INFO:
Starting epoch 95/100, LR = [1.2539993764912554e-06]
2023-01-30 14:52:09,969:INFO:############################################ New lowest_val_loss reached #########################
2023-01-30 14:52:10,111:INFO:
Starting epoch 96/100, LR = [8.039173559862365e-07]
2023-01-30 14:52:55,856:INFO:
Starting epoch 97/100, LR = [4.5291010155561856e-07]
2023-01-30 14:53:42,126:INFO:
Starting epoch 98/100, LR = [2.0168449509684563e-07]
2023-01-30 14:54:26,203:INFO:
Starting epoch 99/100, LR = [5.074647154757879e-08]
2023-01-30 14:55:12,591:INFO:
Starting epoch 100/100, LR = [3.9999999999999996e-10]
2023-01-30 14:56:01,871:INFO:test
2023-01-30 14:56:02,548:INFO:
 Evalate best model
